Before substitution:
λ x0
  x0
After substitution:
λ x0
  x0

Before substitution:
λ x1
  λ x0
    Ap: 
    |x1
    |x2
After substitution:
λ x3
  λ x2
    Ap: 
    |x3
    |λ x1
    |  λ x0
    |    Ap: 
    |    |x1
    |    |Ap: 
    |    ||x4
    |    ||x5

Before substitution:
λ x1
  λ x0
    Ap: 
    |x1
    |x2
After substitution:
λ x4
  λ x3
    Ap: 
    |x4
    |λ x2
    |  λ x1
    |    Ap: 
    |    |x2
    |    |Ap: 
    |    ||x5
    |    ||Ap: 
    |    |||x6
    |    |||λ x0
    |    |||  x6

Before substitution:
λ x1
  λ x0
    Ap: 
    |x3
    |x2
After substitution:
λ x3
  λ x2
    Ap: 
    |λ x1
    |  λ x0
    |    Ap: 
    |    |x1
    |    |Ap: 
    |    ||x4
    |    ||x5
    |x4

Before substitution:
Ap: 
|x1
|Ap: 
||x2
||x3
After substitution:
Ap: 
|λ x1
|  λ x0
|    Ap: 
|    |x2
|    |x1
|Ap: 
||x4
||x5

Before substitution:
Ap: 
|x1
|Ap: 
||x2
||x3
After substitution:
Ap: 
|λ x2
|  λ x1
|    Ap: 
|    |Ap: 
|    ||x3
|    ||x2
|    |λ x0
|    |  x0
|Ap: 
||x5
||x6

